<?xml version="1.0" encoding="UTF-8"?>
<testng-results skipped="0" failed="0" ignored="0" total="1" passed="1">
  <reporter-output>
  </reporter-output>
  <suite name="Suite" duration-ms="22405" started-at="2022-04-12T15:38:19 PKT" finished-at="2022-04-12T15:38:41 PKT">
    <groups>
      <group name="SMOKE">
        <method signature="Login.loginTest()[pri:0, instance:testcases.Login@396f6598]" name="loginTest" class="testcases.Login"/>
      </group> <!-- SMOKE -->
    </groups>
    <test name="Test" duration-ms="22405" started-at="2022-04-12T15:38:19 PKT" finished-at="2022-04-12T15:38:41 PKT">
      <class name="testcases.Login">
        <test-method status="PASS" signature="BeforeSuite()[pri:0, instance:testcases.Login@396f6598]" name="BeforeSuite" is-config="true" duration-ms="618" started-at="2022-04-12T15:38:18 PKT" finished-at="2022-04-12T15:38:19 PKT">
          <reporter-output>
          </reporter-output>
        </test-method> <!-- BeforeSuite -->
        <test-method status="PASS" signature="setup()[pri:0, instance:testcases.Login@396f6598]" name="setup" is-config="true" duration-ms="21117" started-at="2022-04-12T15:38:19 PKT" finished-at="2022-04-12T15:38:40 PKT">
          <reporter-output>
          </reporter-output>
        </test-method> <!-- setup -->
        <test-method status="PASS" signature="loginTest()[pri:0, instance:testcases.Login@396f6598]" name="loginTest" duration-ms="443" started-at="2022-04-12T15:38:40 PKT" finished-at="2022-04-12T15:38:40 PKT">
          <reporter-output>
          </reporter-output>
        </test-method> <!-- loginTest -->
        <test-method status="PASS" signature="tearDown()[pri:0, instance:testcases.Login@396f6598]" name="tearDown" is-config="true" duration-ms="695" started-at="2022-04-12T15:38:40 PKT" finished-at="2022-04-12T15:38:41 PKT">
          <reporter-output>
          </reporter-output>
        </test-method> <!-- tearDown -->
        <test-method status="PASS" signature="AfterSuite()[pri:0, instance:testcases.Login@396f6598]" name="AfterSuite" is-config="true" duration-ms="317" started-at="2022-04-12T15:38:42 PKT" finished-at="2022-04-12T15:38:43 PKT">
          <reporter-output>
          </reporter-output>
        </test-method> <!-- AfterSuite -->
      </class> <!-- testcases.Login -->
    </test> <!-- Test -->
  </suite> <!-- Suite -->
</testng-results>
